<?xml version="1.0" encoding="UTF-8"?>
<!-- Generated by org.testng.reporters.JUnitXMLReporter -->
<testsuite ignored="6" hostname="LAPTOP-GLCNM1UD" failures="3" tests="8" name="Parameter Tesing-grouping" time="85.47" errors="0" timestamp="2023-09-05T08:39:49 IST">
  <testcase classname="com.qalegendbilling.testscipt.ResetTest" name="TC_003_verifyReset" time="5.156"/>
  <testcase classname="com.qalegendbilling.testscipt.RoleTest" name="TC_004_verifyRoleSearch" time="3.732">
    <failure type="org.openqa.selenium.ElementNotInteractableException" message="element not interactable
  (Session info: chrome=116.0.5845.141)
Build info: version: &amp;apos;4.6.0&amp;apos;, revision: &amp;apos;79f1c02ae20&amp;apos;
System info: os.name: &amp;apos;Windows 10&amp;apos;, os.arch: &amp;apos;amd64&amp;apos;, os.version: &amp;apos;10.0&amp;apos;, java.version: &amp;apos;17.0.4.1&amp;apos;
Driver info: org.openqa.selenium.chrome.ChromeDriver
Command: [81f50b6f9eaf61297cd0afc07b0d64c1, clickElement {id=2705A20B87EF4FC591885A97676C1BCB_element_59}]
Capabilities {acceptInsecureCerts: false, browserName: chrome, browserVersion: 116.0.5845.141, chrome: {chromedriverVersion: 116.0.5845.96 (1a3918166880..., userDataDir: C:\Users\HP\AppData\Local\T...}, fedcm:accounts: true, goog:chromeOptions: {debuggerAddress: localhost:60073}, networkConnectionEnabled: false, pageLoadStrategy: normal, platformName: WINDOWS, proxy: Proxy(), se:cdp: ws://localhost:60073/devtoo..., se:cdpVersion: 116.0.5845.141, setWindowRect: true, strictFileInteractability: false, timeouts: {implicit: 0, pageLoad: 300000, script: 30000}, unhandledPromptBehavior: dismiss and notify, webauthn:extension:credBlob: true, webauthn:extension:largeBlob: true, webauthn:extension:minPinLength: true, webauthn:extension:prf: true, webauthn:virtualAuthenticators: true}
Element: [[ChromeDriver: chrome on WINDOWS (81f50b6f9eaf61297cd0afc07b0d64c1)] -&amp;gt; xpath: //i[@class=&amp;apos;fa fa-briefcase&amp;apos;]//following-sibling::span]
Session ID: 81f50b6f9eaf61297cd0afc07b0d64c1">
      <![CDATA[org.openqa.selenium.ElementNotInteractableException: element not interactable
  (Session info: chrome=116.0.5845.141)
Build info: version: '4.6.0', revision: '79f1c02ae20'
System info: os.name: 'Windows 10', os.arch: 'amd64', os.version: '10.0', java.version: '17.0.4.1'
Driver info: org.openqa.selenium.chrome.ChromeDriver
Command: [81f50b6f9eaf61297cd0afc07b0d64c1, clickElement {id=2705A20B87EF4FC591885A97676C1BCB_element_59}]
Capabilities {acceptInsecureCerts: false, browserName: chrome, browserVersion: 116.0.5845.141, chrome: {chromedriverVersion: 116.0.5845.96 (1a3918166880..., userDataDir: C:\Users\HP\AppData\Local\T...}, fedcm:accounts: true, goog:chromeOptions: {debuggerAddress: localhost:60073}, networkConnectionEnabled: false, pageLoadStrategy: normal, platformName: WINDOWS, proxy: Proxy(), se:cdp: ws://localhost:60073/devtoo..., se:cdpVersion: 116.0.5845.141, setWindowRect: true, strictFileInteractability: false, timeouts: {implicit: 0, pageLoad: 300000, script: 30000}, unhandledPromptBehavior: dismiss and notify, webauthn:extension:credBlob: true, webauthn:extension:largeBlob: true, webauthn:extension:minPinLength: true, webauthn:extension:prf: true, webauthn:virtualAuthenticators: true}
Element: [[ChromeDriver: chrome on WINDOWS (81f50b6f9eaf61297cd0afc07b0d64c1)] -> xpath: //i[@class='fa fa-briefcase']//following-sibling::span]
Session ID: 81f50b6f9eaf61297cd0afc07b0d64c1
at org.openqa.selenium.remote.codec.w3c.W3CHttpResponseCodec.createException(W3CHttpResponseCodec.java:200)
at org.openqa.selenium.remote.codec.w3c.W3CHttpResponseCodec.decode(W3CHttpResponseCodec.java:133)
at org.openqa.selenium.remote.codec.w3c.W3CHttpResponseCodec.decode(W3CHttpResponseCodec.java:53)
at org.openqa.selenium.remote.HttpCommandExecutor.execute(HttpCommandExecutor.java:184)
at org.openqa.selenium.remote.service.DriverCommandExecutor.invokeExecute(DriverCommandExecutor.java:167)
at org.openqa.selenium.remote.service.DriverCommandExecutor.execute(DriverCommandExecutor.java:142)
at org.openqa.selenium.remote.RemoteWebDriver.execute(RemoteWebDriver.java:541)
at org.openqa.selenium.remote.RemoteWebElement.execute(RemoteWebElement.java:257)
at org.openqa.selenium.remote.RemoteWebElement.click(RemoteWebElement.java:78)
at org.openqa.selenium.support.pagefactory.internal.LocatingElementHandler.invoke(LocatingElementHandler.java:52)
at jdk.proxy2/jdk.proxy2.$Proxy18.click(Unknown Source)
at com.qalegendbilling.utilities.PageUtility.clickOnElement(PageUtility.java:13)
at com.qalegendbilling.pages.HomePage.clickRolesTab(HomePage.java:95)
at com.qalegendbilling.testscipt.RoleTest.TC_004_verifyRoleSearch(RoleTest.java:33)
at java.base/java.util.ArrayList.forEach(ArrayList.java:1511)
... Removed 36 stack frames]]>
    </failure>
  </testcase> <!-- TC_004_verifyRoleSearch -->
  <testcase classname="com.qalegendbilling.testscipt.UserTest" name="TC_006_verifyAddUserDetails" time="0.25">
    <failure type="java.lang.NullPointerException" message="Cannot invoke &amp;quot;org.apache.poi.xssf.usermodel.XSSFSheet.getLastRowNum()&amp;quot; because &amp;quot;com.qalegendbilling.utilities.ExcelUtility.sh&amp;quot; is null">
      <![CDATA[java.lang.NullPointerException: Cannot invoke "org.apache.poi.xssf.usermodel.XSSFSheet.getLastRowNum()" because "com.qalegendbilling.utilities.ExcelUtility.sh" is null
at com.qalegendbilling.utilities.ExcelUtility.excelDataReader(ExcelUtility.java:37)
at com.qalegendbilling.testscipt.UserTest.TC_006_verifyAddUserDetails(UserTest.java:29)
at java.base/java.util.ArrayList.forEach(ArrayList.java:1511)
... Removed 27 stack frames]]>
    </failure>
  </testcase> <!-- TC_006_verifyAddUserDetails -->
  <testcase classname="com.qalegendbilling.testscipt.SignoutTest" name="TC_005_verifySignout" time="4.972"/>
  <testcase classname="com.qalegendbilling.testscipt.LoginTest" name="TC_001_verifyValidLogin" time="2.849"/>
  <testcase classname="com.qalegendbilling.testscipt.LoginTest" name="TC_002_verifyInvalidLogin" time="1.739"/>
  <testcase classname="com.qalegendbilling.testscipt.LoginTest" name="TC_002_verifyInvalidLogin" time="1.613"/>
  <testcase classname="com.qalegendbilling.testscipt.UserManagmentTest" name="TC_007_verifyUserManagementTabsAreDisplayed" time="3.353">
    <failure type="java.lang.AssertionError" message="ERROR: User sub menu not found expected [true] but found [false]">
      <![CDATA[java.lang.AssertionError: ERROR: User sub menu not found expected [true] but found [false]
at com.qalegendbilling.testscipt.UserManagmentTest.TC_007_verifyUserManagementTabsAreDisplayed(UserManagmentTest.java:31)
at java.base/java.util.ArrayList.forEach(ArrayList.java:1511)
... Removed 30 stack frames]]>
    </failure>
  </testcase> <!-- TC_007_verifyUserManagementTabsAreDisplayed -->
  <testcase classname="com.qalegendbilling.automationcore.Base" name="@BeforeSuite setExtent" time="0.0">
    <ignored/>
  </testcase> <!-- @BeforeSuite setExtent -->
  <testcase classname="com.qalegendbilling.automationcore.Base" name="@BeforeSuite setExtent" time="0.0">
    <ignored/>
  </testcase> <!-- @BeforeSuite setExtent -->
  <testcase classname="com.qalegendbilling.automationcore.Base" name="@BeforeSuite setExtent" time="0.0">
    <ignored/>
  </testcase> <!-- @BeforeSuite setExtent -->
  <testcase classname="com.qalegendbilling.automationcore.Base" name="@BeforeSuite setExtent" time="0.0">
    <ignored/>
  </testcase> <!-- @BeforeSuite setExtent -->
  <testcase classname="com.qalegendbilling.automationcore.Base" name="@BeforeSuite setExtent" time="0.0">
    <ignored/>
  </testcase> <!-- @BeforeSuite setExtent -->
  <testcase classname="com.qalegendbilling.automationcore.Base" name="@BeforeSuite setExtent" time="0.0">
    <ignored/>
  </testcase> <!-- @BeforeSuite setExtent -->
</testsuite> <!-- Parameter Tesing-grouping -->
